<?xml version="1.0" encoding="UTF-8"?>
<testng-results ignored="0" total="1" passed="1" failed="0" skipped="0">
  <reporter-output>
  </reporter-output>
  <suite started-at="2022-09-30T12:36:54 WEST" name="CucumberTest" finished-at="2022-09-30T12:37:22 WEST" duration-ms="28482">
    <groups>
      <group name="cucumber">
        <method signature="AbstractTestNGCucumberTests.runScenario(io.cucumber.testng.PickleWrapper,io.cucumber.testng.FeatureWrapper)[pri:0, instance:CucumberTest@2aa3cd93]" name="runScenario" class="io.cucumber.testng.AbstractTestNGCucumberTests"/>
      </group> <!-- cucumber -->
    </groups>
    <test started-at="2022-09-30T12:36:54 WEST" name="Command line test" finished-at="2022-09-30T12:37:22 WEST" duration-ms="28482">
      <class name="CucumberTest">
        <test-method is-config="true" signature="setUpClass(org.testng.ITestContext)[pri:0, instance:CucumberTest@2aa3cd93]" started-at="2022-09-30T12:36:54 WEST" name="setUpClass" finished-at="2022-09-30T12:36:55 WEST" duration-ms="573" status="PASS">
          <params>
            <param index="0">
              <value>
                <![CDATA[org.testng.TestRunner@33425811]]>
              </value>
            </param>
          </params>
          <reporter-output>
          </reporter-output>
        </test-method> <!-- setUpClass -->
        <test-method signature="runScenario(io.cucumber.testng.PickleWrapper,io.cucumber.testng.FeatureWrapper)[pri:0, instance:CucumberTest@2aa3cd93]" started-at="2022-09-30T12:36:55 WEST" name="runScenario" description="Runs Cucumber Scenarios" data-provider="scenarios" finished-at="2022-09-30T12:37:22 WEST" duration-ms="27824" status="PASS">
          <params>
            <param index="0">
              <value>
                <![CDATA["Login with correct credentials,"]]>
              </value>
            </param>
            <param index="1">
              <value>
                <![CDATA["Login Feature"]]>
              </value>
            </param>
          </params>
          <reporter-output>
          </reporter-output>
        </test-method> <!-- runScenario -->
        <test-method is-config="true" signature="tearDownClass()[pri:0, instance:CucumberTest@2aa3cd93]" started-at="2022-09-30T12:37:22 WEST" name="tearDownClass" finished-at="2022-09-30T12:37:22 WEST" duration-ms="51" status="PASS">
          <reporter-output>
          </reporter-output>
        </test-method> <!-- tearDownClass -->
      </class> <!-- CucumberTest -->
    </test> <!-- Command line test -->
  </suite> <!-- CucumberTest -->
</testng-results>
