<?xml version="1.0" encoding="UTF-8" ?>
<testsuite tests="7" failures="5" name="TestSuite" time="31.302" errors="0" skipped="0">
  <properties>
[...]
</properties>
  <testcase classname="MhdTest" name="clickAndHold" time="11.201"/>
  <testcase classname="NespressoTest" name="test" time="20.088">
    <failure message="no such element: Unable to locate element: {&quot;method&quot;:&quot;xpath&quot;,&quot;selector&quot;:&quot;//button[@id=&apos;_evidon-banner-acceptbutton&apos;]&quot;}
  (Session info: chrome=105.0.5195.127)
For documentation on this error, please visit: https://selenium.dev/exceptions/#no_such_element
Build info: version: &apos;4.4.0&apos;, revision: &apos;e5c75ed026a&apos;
System info: host: &apos;RABFNHVSG3&apos;, ip: &apos;192.168.1.35&apos;, os.name: &apos;Windows 10&apos;, os.arch: &apos;amd64&apos;, os.version: &apos;10.0&apos;, java.version: &apos;18.0.2.1&apos;
Driver info: org.openqa.selenium.chrome.ChromeDriver
Command: [b94c0b1f1d0c1322bb0f6191f0b0e97f, findElement {using=xpath, value=//button[@id=&apos;_evidon-banner-acceptbutton&apos;]}]
Capabilities {acceptInsecureCerts: false, browserName: chrome, browserVersion: 105.0.5195.127, chrome: {chromedriverVersion: 105.0.5195.52 (412c95e51883..., userDataDir: C:\Users\fzjadour\AppData\L...}, goog:chromeOptions: {debuggerAddress: localhost:53906}, networkConnectionEnabled: false, pageLoadStrategy: normal, platformName: WINDOWS, proxy: Proxy(), se:cdp: ws://localhost:53906/devtoo..., se:cdpVersion: 105.0.5195.127, setWindowRect: true, strictFileInteractability: false, timeouts: {implicit: 0, pageLoad: 300000, script: 30000}, unhandledPromptBehavior: dismiss and notify, webauthn:extension:credBlob: true, webauthn:extension:largeBlob: true, webauthn:virtualAuthenticators: true}
Session ID: b94c0b1f1d0c1322bb0f6191f0b0e97f" type="org.openqa.selenium.NoSuchElementException">org.openqa.selenium.NoSuchElementException: no such element: Unable to locate element: {&quot;method&quot;:&quot;xpath&quot;,&quot;selector&quot;:&quot;//button[@id=&apos;_evidon-banner-acceptbutton&apos;]&quot;}
  (Session info: chrome=105.0.5195.127)
For documentation on this error, please visit: https://selenium.dev/exceptions/#no_such_element
Build info: version: &apos;4.4.0&apos;, revision: &apos;e5c75ed026a&apos;
System info: host: &apos;RABFNHVSG3&apos;, ip: &apos;192.168.1.35&apos;, os.name: &apos;Windows 10&apos;, os.arch: &apos;amd64&apos;, os.version: &apos;10.0&apos;, java.version: &apos;18.0.2.1&apos;
Driver info: org.openqa.selenium.chrome.ChromeDriver
Command: [b94c0b1f1d0c1322bb0f6191f0b0e97f, findElement {using=xpath, value=//button[@id=&apos;_evidon-banner-acceptbutton&apos;]}]
Capabilities {acceptInsecureCerts: false, browserName: chrome, browserVersion: 105.0.5195.127, chrome: {chromedriverVersion: 105.0.5195.52 (412c95e51883..., userDataDir: C:\Users\fzjadour\AppData\L...}, goog:chromeOptions: {debuggerAddress: localhost:53906}, networkConnectionEnabled: false, pageLoadStrategy: normal, platformName: WINDOWS, proxy: Proxy(), se:cdp: ws://localhost:53906/devtoo..., se:cdpVersion: 105.0.5195.127, setWindowRect: true, strictFileInteractability: false, timeouts: {implicit: 0, pageLoad: 300000, script: 30000}, unhandledPromptBehavior: dismiss and notify, webauthn:extension:credBlob: true, webauthn:extension:largeBlob: true, webauthn:virtualAuthenticators: true}
Session ID: b94c0b1f1d0c1322bb0f6191f0b0e97f
	at java.base/jdk.internal.reflect.DirectConstructorHandleAccessor.newInstance(DirectConstructorHandleAccessor.java:67)
	at java.base/java.lang.reflect.Constructor.newInstanceWithCaller(Constructor.java:499)
	at java.base/java.lang.reflect.Constructor.newInstance(Constructor.java:483)
	at org.openqa.selenium.remote.codec.w3c.W3CHttpResponseCodec.createException(W3CHttpResponseCodec.java:200)
	at org.openqa.selenium.remote.codec.w3c.W3CHttpResponseCodec.decode(W3CHttpResponseCodec.java:133)
	at org.openqa.selenium.remote.codec.w3c.W3CHttpResponseCodec.decode(W3CHttpResponseCodec.java:53)
	at org.openqa.selenium.remote.HttpCommandExecutor.execute(HttpCommandExecutor.java:184)
	at org.openqa.selenium.remote.service.DriverCommandExecutor.invokeExecute(DriverCommandExecutor.java:167)
	at org.openqa.selenium.remote.service.DriverCommandExecutor.execute(DriverCommandExecutor.java:142)
	at org.openqa.selenium.remote.RemoteWebDriver.execute(RemoteWebDriver.java:547)
	at org.openqa.selenium.remote.ElementLocation$ElementFinder$2.findElement(ElementLocation.java:162)
	at org.openqa.selenium.remote.ElementLocation.findElement(ElementLocation.java:60)
	at org.openqa.selenium.remote.RemoteWebDriver.findElement(RemoteWebDriver.java:365)
	at org.openqa.selenium.remote.RemoteWebDriver.findElement(RemoteWebDriver.java:357)
	at NespressoTest.test(NespressoTest.java:39)
</failure>
    <system-err>[1664445052.167][SEVERE]: Timed out receiving message from renderer: 3.802
[1664445052.169][SEVERE]: Timed out receiving message from renderer: 3.802
</system-err>
  </testcase>
  <testcase classname="PageObjectPatternTest" name="navigateToTheCatalog" time="0">
    <failure message="org/openqa/selenium/support/PageFactory" type="java.lang.NoClassDefFoundError">java.lang.NoClassDefFoundError: org/openqa/selenium/support/PageFactory
	at org.selenium.Pages.HomePage.&lt;init&gt;(HomePage.java:23)
	at PageObjectPatternTest.navigateToTheCatalog(PageObjectPatternTest.java:41)
Caused by: java.lang.ClassNotFoundException: org.openqa.selenium.support.PageFactory
	at java.base/jdk.internal.loader.BuiltinClassLoader.loadClass(BuiltinClassLoader.java:641)
	at java.base/jdk.internal.loader.ClassLoaders$AppClassLoader.loadClass(ClassLoaders.java:188)
	at java.base/java.lang.ClassLoader.loadClass(ClassLoader.java:521)
	... 36 more
</failure>
  </testcase>
  <testcase classname="PageObjectPatternTest" name="addProductToCart" time="0.001">
    <failure message="org/openqa/selenium/support/PageFactory" type="java.lang.NoClassDefFoundError">java.lang.NoClassDefFoundError: org/openqa/selenium/support/PageFactory
	at org.selenium.Pages.ProductsList.&lt;init&gt;(ProductsList.java:37)
	at PageObjectPatternTest.addProductToCart(PageObjectPatternTest.java:48)
Caused by: java.lang.ClassNotFoundException: org.openqa.selenium.support.PageFactory
	at java.base/jdk.internal.loader.BuiltinClassLoader.loadClass(BuiltinClassLoader.java:641)
	at java.base/jdk.internal.loader.ClassLoaders$AppClassLoader.loadClass(ClassLoaders.java:188)
	at java.base/java.lang.ClassLoader.loadClass(ClassLoader.java:521)
	... 36 more
</failure>
  </testcase>
  <testcase classname="PageObjectPatternTest" name="checkProductsInCart" time="0.001">
    <failure message="org/openqa/selenium/support/PageFactory" type="java.lang.NoClassDefFoundError">java.lang.NoClassDefFoundError: org/openqa/selenium/support/PageFactory
	at org.selenium.Pages.CartPage.&lt;init&gt;(CartPage.java:25)
	at PageObjectPatternTest.checkProductsInCart(PageObjectPatternTest.java:55)
Caused by: java.lang.ClassNotFoundException: org.openqa.selenium.support.PageFactory
	at java.base/jdk.internal.loader.BuiltinClassLoader.loadClass(BuiltinClassLoader.java:641)
	at java.base/jdk.internal.loader.ClassLoaders$AppClassLoader.loadClass(ClassLoaders.java:188)
	at java.base/java.lang.ClassLoader.loadClass(ClassLoader.java:521)
	... 36 more
</failure>
  </testcase>
  <testcase classname="PageObjectPatternTest" name="checkout" time="0.002">
    <failure message="Cannot invoke &quot;org.selenium.Pages.CartPage.proceedToCheckout()&quot; because &quot;this.cartPage&quot; is null" type="java.lang.NullPointerException">java.lang.NullPointerException: Cannot invoke &quot;org.selenium.Pages.CartPage.proceedToCheckout()&quot; because &quot;this.cartPage&quot; is null
	at PageObjectPatternTest.checkout(PageObjectPatternTest.java:64)
</failure>
  </testcase>
  <testcase classname="TestClass" name="test" time="0.009"/>
</testsuite>